# JRE version: OpenJDK Runtime Environment (11.0.10) (build 11.0.10+0-b96-7249189)
# Java VM: OpenJDK 64-Bit Server VM (11.0.10+0-b96-7249189, mixed mode, tiered, compressed oops, g1 gc, windows-amd64)
Heap:
 garbage-first heap   total 1156096K, used 387736K [0x0000000080000000, 0x0000000100000000)
  region size 1024K, 1 young (1024K), 1 survivors (1024K)
 Metaspace       used 115307K, capacity 118289K, committed 118528K, reserved 1153024K
  class space    used 14044K, capacity 15054K, committed 15104K, reserved 1048576K
GC Heap History (20 events):
Event: 876.734 GC heap after
{Heap after GC invocations=172 (full 0):
 garbage-first heap   total 528384K, used 370688K [0x0000000080000000, 0x0000000100000000)
  region size 1024K, 4 young (4096K), 4 survivors (4096K)
 Metaspace       used 110272K, capacity 112870K, committed 113152K, reserved 1148928K
  class space    used 13592K, capacity 14559K, committed 14592K, reserved 1048576K
}
Event: 878.899 GC heap before
{Heap before GC invocations=172 (full 0):
 garbage-first heap   total 528384K, used 392192K [0x0000000080000000, 0x0000000100000000)
  region size 1024K, 25 young (25600K), 4 survivors (4096K)
 Metaspace       used 110385K, capacity 113066K, committed 113152K, reserved 1148928K
  class space    used 13593K, capacity 14559K, committed 14592K, reserved 1048576K
}
Event: 879.287 GC heap after
{Heap after GC invocations=173 (full 0):
 garbage-first heap   total 528384K, used 373248K [0x0000000080000000, 0x0000000100000000)
  region size 1024K, 2 young (2048K), 2 survivors (2048K)
 Metaspace       used 110385K, capacity 113066K, committed 113152K, reserved 1148928K
  class space    used 13593K, capacity 14559K, committed 14592K, reserved 1048576K
}
Event: 882.311 GC heap before
{Heap before GC invocations=173 (full 0):
 garbage-first heap   total 528384K, used 396800K [0x0000000080000000, 0x0000000100000000)
  region size 1024K, 25 young (25600K), 2 survivors (2048K)
 Metaspace       used 110545K, capacity 113269K, committed 113408K, reserved 1148928K
  class space    used 13596K, capacity 14561K, committed 14592K, reserved 1048576K
}
Event: 882.344 GC heap after
{Heap after GC invocations=174 (full 0):
 garbage-first heap   total 528384K, used 374748K [0x0000000080000000, 0x0000000100000000)
  region size 1024K, 4 young (4096K), 4 survivors (4096K)
 Metaspace       used 110545K, capacity 113269K, committed 113408K, reserved 1148928K
  class space    used 13596K, capacity 14561K, committed 14592K, reserved 1048576K
}
Event: 884.172 GC heap before
{Heap before GC invocations=174 (full 0):
 garbage-first heap   total 528384K, used 395228K [0x0000000080000000, 0x0000000100000000)
  region size 1024K, 25 young (25600K), 4 survivors (4096K)
 Metaspace       used 110581K, capacity 113302K, committed 113408K, reserved 1148928K
  class space    used 13602K, capacity 14570K, committed 14592K, reserved 1048576K
}
Event: 884.438 GC heap after
{Heap after GC invocations=175 (full 0):
 garbage-first heap   total 528384K, used 375417K [0x0000000080000000, 0x0000000100000000)
  region size 1024K, 3 young (3072K), 3 survivors (3072K)
 Metaspace       used 110581K, capacity 113302K, committed 113408K, reserved 1148928K
  class space    used 13602K, capacity 14570K, committed 14592K, reserved 1048576K
}
Event: 885.129 GC heap before
{Heap before GC invocations=175 (full 0):
 garbage-first heap   total 528384K, used 396921K [0x0000000080000000, 0x0000000100000000)
  region size 1024K, 25 young (25600K), 3 survivors (3072K)
 Metaspace       used 110583K, capacity 113302K, committed 113408K, reserved 1148928K
  class space    used 13602K, capacity 14570K, committed 14592K, reserved 1048576K
}
Event: 885.244 GC heap after
{Heap after GC invocations=176 (full 0):
 garbage-first heap   total 528384K, used 375720K [0x0000000080000000, 0x0000000100000000)
  region size 1024K, 1 young (1024K), 1 survivors (1024K)
 Metaspace       used 110583K, capacity 113302K, committed 113408K, reserved 1148928K
  class space    used 13602K, capacity 14570K, committed 14592K, reserved 1048576K
}
Event: 886.040 GC heap before
{Heap before GC invocations=176 (full 0):
 garbage-first heap   total 528384K, used 400296K [0x0000000080000000, 0x0000000100000000)
  region size 1024K, 25 young (25600K), 1 survivors (1024K)
 Metaspace       used 110588K, capacity 113305K, committed 113408K, reserved 1148928K
  class space    used 13602K, capacity 14570K, committed 14592K, reserved 1048576K
}
Event: 886.061 GC heap after
{Heap after GC invocations=177 (full 0):
 garbage-first heap   total 528384K, used 376090K [0x0000000080000000, 0x0000000100000000)
  region size 1024K, 2 young (2048K), 2 survivors (2048K)
 Metaspace       used 110588K, capacity 113305K, committed 113408K, reserved 1148928K
  class space    used 13602K, capacity 14570K, committed 14592K, reserved 1048576K
}
Event: 895.521 GC heap before
{Heap before GC invocations=177 (full 0):
 garbage-first heap   total 528384K, used 403738K [0x0000000080000000, 0x0000000100000000)
  region size 1024K, 26 young (26624K), 2 survivors (2048K)
 Metaspace       used 111013K, capacity 113876K, committed 114048K, reserved 1148928K
  class space    used 13655K, capacity 14624K, committed 14720K, reserved 1048576K
}
Event: 895.749 GC heap after
{Heap after GC invocations=178 (full 0):
 garbage-first heap   total 528384K, used 377366K [0x0000000080000000, 0x0000000100000000)
  region size 1024K, 3 young (3072K), 3 survivors (3072K)
 Metaspace       used 111013K, capacity 113876K, committed 114048K, reserved 1148928K
  class space    used 13655K, capacity 14624K, committed 14720K, reserved 1048576K
}
Event: 897.812 GC heap before
{Heap before GC invocations=178 (full 0):
 garbage-first heap   total 528384K, used 398870K [0x0000000080000000, 0x0000000100000000)
  region size 1024K, 25 young (25600K), 3 survivors (3072K)
 Metaspace       used 111418K, capacity 114286K, committed 114560K, reserved 1148928K
  class space    used 13690K, capacity 14674K, committed 14720K, reserved 1048576K
}
Event: 897.939 GC heap after
{Heap after GC invocations=179 (full 0):
 garbage-first heap   total 528384K, used 382123K [0x0000000080000000, 0x0000000100000000)
  region size 1024K, 4 young (4096K), 4 survivors (4096K)
 Metaspace       used 111418K, capacity 114286K, committed 114560K, reserved 1148928K
  class space    used 13690K, capacity 14674K, committed 14720K, reserved 1048576K
}
Event: 902.836 GC heap before
{Heap before GC invocations=179 (full 0):
 garbage-first heap   total 528384K, used 403627K [0x0000000080000000, 0x0000000100000000)
  region size 1024K, 25 young (25600K), 4 survivors (4096K)
 Metaspace       used 112444K, capacity 115321K, committed 115456K, reserved 1150976K
  class space    used 13856K, capacity 14844K, committed 14848K, reserved 1048576K
}
Event: 905.984 GC heap after
{Heap after GC invocations=180 (full 0):
 garbage-first heap   total 528384K, used 386553K [0x0000000080000000, 0x0000000100000000)
  region size 1024K, 4 young (4096K), 4 survivors (4096K)
 Metaspace       used 112444K, capacity 115321K, committed 115456K, reserved 1150976K
  class space    used 13856K, capacity 14844K, committed 14848K, reserved 1048576K
}
Event: 914.377 GC heap before
{Heap before GC invocations=180 (full 0):
 garbage-first heap   total 528384K, used 408057K [0x0000000080000000, 0x0000000100000000)
  region size 1024K, 25 young (25600K), 4 survivors (4096K)
 Metaspace       used 114344K, capacity 117238K, committed 117504K, reserved 1150976K
  class space    used 14034K, capacity 15052K, committed 15104K, reserved 1048576K
}
Event: 916.342 GC heap after
{Heap after GC invocations=181 (full 0):
 garbage-first heap   total 528384K, used 387518K [0x0000000080000000, 0x0000000100000000)
  region size 1024K, 1 young (1024K), 1 survivors (1024K)
 Metaspace       used 114344K, capacity 117238K, committed 117504K, reserved 1150976K
  class space    used 14034K, capacity 15052K, committed 15104K, reserved 1048576K
}
Event: 918.462 GC heap before
{Heap before GC invocations=181 (full 0):
 garbage-first heap   total 528384K, used 412094K [0x0000000080000000, 0x0000000100000000)
  region size 1024K, 25 young (25600K), 1 survivors (1024K)
 Metaspace       used 115307K, capacity 118289K, committed 118528K, reserved 1153024K
  class space    used 14044K, capacity 15054K, committed 15104K, reserved 1048576K
}

